C51 COMPILER V9.60.0.0   LED                                                               02/12/2021 02:25:38 PAGE 1   


C51 COMPILER V9.60.0.0, COMPILATION OF MODULE LED
OBJECT MODULE PLACED IN .\Objects\LED.obj
COMPILER INVOKED BY: E:\Keil_v5\C51\BIN\C51.EXE ..\User\LED\LED.c LARGE OPTIMIZE(8,SPEED) BROWSE INCDIR(..\User;..\mcu_s
                    -dk) DEBUG OBJECTEXTEND PRINT(.\Listings\LED.lst) TABS(2) OBJECT(.\Objects\LED.obj)

line level    source

   1          #include "./LED/LED.h"
   2          
   3          void LED_init(void)
   4          {
   5   1        /*
   6   1        P5.4推挽
   7   1        P5.5推挽
   8   1        */  
   9   1        P5M1=(P5M1&0xCF)|0x00;  //设置IO口模式
  10   1        P5M0=(P5M0&0xCF)|0x30;  //设置IO口模式
  11   1        /*P4.0推挽*/
  12   1        P4M1=(P4M1&0xFE)|0x00;  //设置IO口模式
  13   1        P4M0=(P4M0&0xFE)|0x01;  //设置IO口模式
  14   1      }
  15          
  16          void Flash_Led(void)
  17          {
  18   1        static unsigned char count = 0;     //LED标志位
  19   1        switch(++count)
  20   1        {
  21   2          case 1: LED_R_ON;LED_G_OFF;LED_B_OFF;break;//点亮LED1
  22   2          case 2: LED_R_OFF;LED_G_ON;LED_B_OFF;break;//点亮LED2s
  23   2          default :LED_R_OFF;LED_G_OFF;LED_B_ON;count = 0; break;
  24   2        }
  25   1      }


MODULE INFORMATION:   STATIC OVERLAYABLE
   CODE SIZE        =     62    ----
   CONSTANT SIZE    =   ----    ----
   XDATA SIZE       =      1    ----
   PDATA SIZE       =   ----    ----
   DATA SIZE        =   ----    ----
   IDATA SIZE       =   ----    ----
   BIT SIZE         =   ----    ----
END OF MODULE INFORMATION.


C51 COMPILATION COMPLETE.  0 WARNING(S),  0 ERROR(S)
