C51 COMPILER V9.60.0.0   MAIN                                                              02/12/2021 03:05:58 PAGE 1   


C51 COMPILER V9.60.0.0, COMPILATION OF MODULE MAIN
OBJECT MODULE PLACED IN .\Objects\main.obj
COMPILER INVOKED BY: E:\Keil_v5\C51\BIN\C51.EXE main.c LARGE OPTIMIZE(8,SPEED) BROWSE INCDIR(..\User;..\mcu_sdk) DEBUG O
                    -BJECTEXTEND PRINT(.\Listings\main.lst) TABS(2) OBJECT(.\Objects\main.obj)

line level    source

   1          #include "include.h"
   2          
   3          uint8_t i;
   4          uint8_t dispBuff[100];
   5          DHT11_Data_TypeDef DHT11_Data;
   6          uint8_t tempState;
   7          uint8_t a = 20;
   8          void All_init();
   9          void screen();
  10          void getValue_and_update();
  11          
  12          int main()
  13          {
  14   1        All_init();
  15   1        while (1)
  16   1        {
  17   2          wifi_uart_service();
  18   2          getValue_and_update();
  19   2          KeyScan();
  20   2          screen();
  21   2        }
  22   1      }
  23          
  24          void All_init()
  25          {
  26   1        LED_init();
  27   1        Key_init();
  28   1        Timer4Init(); 
  29   1        UartDebugInit();
  30   1        Uart3Init();
  31   1        wifi_protocol_init();
  32   1        OLED_Init();
  33   1        DHT11_Init(); 
  34   1      }
  35          
  36          void getValue_and_update()
  37          {
  38   1        if (DHT11_Read_TempAndHumidity(&DHT11_Data) == SUCCESS)
  39   1        { 
  40   2          mcu_dp_value_update(DPID_TEMP_CURRENT,DHT11_Data.temp_int*10+DHT11_Data.temp_deci);
  41   2          mcu_dp_value_update(DPID_HUMIDITY_VALUE,DHT11_Data.humi_int);     
  42   2        }
  43   1      }
  44          
  45          void screen()
  46          {
  47   1        for (i = 0; i < 7; i++) OLED_ShowCN(i * 16, 0, i);
  48   1        if(mcu_get_wifi_work_state()!=tempState) OLED_CLS();
  49   1        switch (mcu_get_wifi_work_state())
  50   1        {
  51   2          case SMART_CONFIG_STATE:sprintf(dispBuff,"%s","SMART_CONFIG_STATE");break;
  52   2          case AP_STATE:          sprintf(dispBuff,"%s","AP_STATE");          break;
  53   2          case WIFI_NOT_CONNECTED:sprintf(dispBuff,"%s","WIFI_NOT_CONNECTED");break;
  54   2          case WIFI_CONNECTED:    sprintf(dispBuff,"%s","WIFI_CONNECTED");    break;
C51 COMPILER V9.60.0.0   MAIN                                                              02/12/2021 03:05:58 PAGE 2   

  55   2          case WIFI_CONN_CLOUD:   sprintf(dispBuff,"%s","WIFI_CONN_CLOUD");   break;
  56   2          case WIFI_LOW_POWER:    sprintf(dispBuff,"%s","WIFI_LOW_POWER");    break;
  57   2          case SMART_AND_AP_STATE:sprintf(dispBuff,"%s","SMART_AND_AP_STATE");break;
  58   2          case WIFI_SATE_UNKNOW:  sprintf(dispBuff,"%s","WIFI_SATE_UNKNOW");  break;
  59   2          default:break;
  60   2        } 
  61   1        tempState = mcu_get_wifi_work_state();
  62   1        OLED_ShowStr(16, 2, (uint8_t *)dispBuff, 1);
  63   1      
  64   1        /* 显示温度 */
  65   1        for (i = 0; i < 3; i++) OLED_ShowCN(i * 16, 4, 7 + i);
  66   1        sprintf(dispBuff, "%bd.%bd 'C", DHT11_Data.temp_int, DHT11_Data.temp_deci);
  67   1        OLED_ShowStr(45, 4, (uint8_t *)dispBuff, 2);
  68   1        /* 显示湿度 */
  69   1        for (i = 0; i < 3; i++) OLED_ShowCN(i * 16, 6, 10 + i);
  70   1        sprintf(dispBuff, "%bd.%bd% %RH", DHT11_Data.humi_int, DHT11_Data.humi_deci);
  71   1        OLED_ShowStr(45, 6, (uint8_t *)dispBuff, 2);
  72   1      }


MODULE INFORMATION:   STATIC OVERLAYABLE
   CODE SIZE        =    660    ----
   CONSTANT SIZE    =    156    ----
   XDATA SIZE       =    108    ----
   PDATA SIZE       =   ----    ----
   DATA SIZE        =   ----    ----
   IDATA SIZE       =   ----    ----
   BIT SIZE         =   ----    ----
END OF MODULE INFORMATION.


C51 COMPILATION COMPLETE.  0 WARNING(S),  0 ERROR(S)
