C51 COMPILER V9.60.0.0   SYSTEM                                                            02/12/2021 02:25:40 PAGE 1   


C51 COMPILER V9.60.0.0, COMPILATION OF MODULE SYSTEM
OBJECT MODULE PLACED IN .\Objects\system.obj
COMPILER INVOKED BY: E:\Keil_v5\C51\BIN\C51.EXE ..\mcu_sdk\system.c LARGE OPTIMIZE(8,SPEED) BROWSE INCDIR(..\User;..\mcu
                    -_sdk) DEBUG OBJECTEXTEND PRINT(.\Listings\system.lst) TABS(2) OBJECT(.\Objects\system.obj)

line level    source

   1          /**********************************Copyright (c)**********************************
   2          **                       ç‰ˆæƒæ‰€æœ‰ (C), 2015-2020, æ¶‚é¸¦ç§‘æŠ€
   3          **
   4          **                             http://www.tuya.com
   5          **
   6          *********************************************************************************/
   7          /**
   8           * @file    system.c
   9           * @author  æ¶‚é¸¦ç»¼åˆåè®®å¼€å‘ç»„
  10           * @version v2.5.6
  11           * @date    2020.12.16
  12           * @brief   ä¸²å£æ•°æ®å¤„ç†ï¼Œç”¨æˆ·æ— éœ€å…³å¿ƒè¯¥æ–‡ä»¶å®ç°å†…å®¹
  13           */
  14          
  15          /****************************** å…è´£å£°æ˜ ï¼ï¼ï¼ *******************************
  16          ç”±äºMCUç±»å‹å’Œç¼–è¯‘ç¯å¢ƒå¤šç§å¤šæ ·ï¼Œæ‰€ä»¥æ­¤ä»£ç ä»…ä¾›å‚è€ƒï¼Œç”¨æˆ·è¯·è‡ªè¡ŒæŠŠæ§æœ€ç»ˆä»£ç
             - è´¨é‡ï¼Œ
  17          æ¶‚é¸¦ä¸å¯¹MCUåŠŸèƒ½ç»“æœè´Ÿè´£ã€‚
  18          ******************************************************************************/
  19          
  20          #define SYSTEM_GLOBAL
  21          
  22          #include "wifi.h"
  23          
  24          extern const DOWNLOAD_CMD_S download_cmd[];
  25          
  26          
  27          
  28          /**
  29           * @brief  å†™wifi_uartå­—èŠ‚
  30           * @param[in] {dest} ç¼“å­˜åŒºå…¶å®åœ°å€
  31           * @param[in] {byte} å†™å…¥å­—èŠ‚å€¼
  32           * @return å†™å…¥å®Œæˆåçš„æ€»é•¿åº¦
  33           */
  34          unsigned short set_wifi_uart_byte(unsigned short dest, unsigned char byte)
  35          {
  36   1          unsigned char *obj = (unsigned char *)wifi_uart_tx_buf + DATA_START + dest;
  37   1          
  38   1          *obj = byte;
  39   1          dest += 1;
  40   1          
  41   1          return dest;
  42   1      }
  43          
  44          /**
  45           * @brief  å†™wifi_uart_buffer
  46           * @param[in] {dest} ç›®æ ‡åœ°å€
  47           * @param[in] {src} æºåœ°å€
  48           * @param[in] {len} æ•°æ®é•¿åº¦
  49           * @return å†™å…¥ç»“æŸçš„ç¼“å­˜åœ°å€
  50           */
  51          unsigned short set_wifi_uart_buffer(unsigned short dest, const unsigned char *src, unsigned short len)
  52          {
  53   1          unsigned char *obj = (unsigned char *)wifi_uart_tx_buf + DATA_START + dest;
C51 COMPILER V9.60.0.0   SYSTEM                                                            02/12/2021 02:25:40 PAGE 2   

  54   1          
  55   1          my_memcpy(obj,src,len);
  56   1          
  57   1          dest += len;
  58   1          return dest;
  59   1      }
  60          
  61          /**
  62           * @brief  è®¡ç®—æ ¡éªŒå’Œ
  63           * @param[in] {pack} æ•°æ®æºæŒ‡é’ˆ
  64           * @param[in] {pack_len} è®¡ç®—æ ¡éªŒå’Œé•¿åº¦
  65           * @return æ ¡éªŒå’Œ
  66           */
  67          unsigned char get_check_sum(unsigned char *pack, unsigned short pack_len)
  68          {
  69   1          unsigned short i;
  70   1          unsigned char check_sum = 0;
  71   1          
  72   1          for(i = 0; i < pack_len; i ++) {
  73   2              check_sum += *pack ++;
  74   2          }
  75   1          
  76   1          return check_sum;
  77   1      }
  78          
  79          /**
  80           * @brief  ä¸²å£å‘é€ä¸€æ®µæ•°æ®
  81           * @param[in] {in} å‘é€ç¼“å­˜æŒ‡é’ˆ
  82           * @param[in] {len} æ•°æ®å‘é€é•¿åº¦
  83           * @return Null
  84           */
  85          static void wifi_uart_write_data(unsigned char *in, unsigned short len)
  86          {
  87   1          if((NULL == in) || (0 == len)) {
  88   2              return;
  89   2          }
  90   1          
  91   1          while(len --) {
  92   2              uart_transmit_output(*in);
  93   2              in ++;
  94   2          }
  95   1      }
  96          
  97          /**
  98           * @brief  å‘wifiä¸²å£å‘é€ä¸€å¸§æ•°æ®
  99           * @param[in] {fr_type} å¸§ç±»å‹
 100           * @param[in] {fr_ver} å¸§ç‰ˆæœ¬
 101           * @param[in] {len} æ•°æ®é•¿åº¦
 102           * @return Null
 103           */
 104          void wifi_uart_write_frame(unsigned char fr_type, unsigned char fr_ver, unsigned short len)
 105          {
 106   1          unsigned char check_sum = 0;
 107   1          
 108   1          wifi_uart_tx_buf[HEAD_FIRST] = 0x55;
 109   1          wifi_uart_tx_buf[HEAD_SECOND] = 0xaa;
 110   1          wifi_uart_tx_buf[PROTOCOL_VERSION] = fr_ver;
 111   1          wifi_uart_tx_buf[FRAME_TYPE] = fr_type;
 112   1          wifi_uart_tx_buf[LENGTH_HIGH] = len >> 8;
 113   1          wifi_uart_tx_buf[LENGTH_LOW] = len & 0xff;
 114   1          
 115   1          len += PROTOCOL_HEAD;
C51 COMPILER V9.60.0.0   SYSTEM                                                            02/12/2021 02:25:40 PAGE 3   

 116   1          check_sum = get_check_sum((unsigned char *)wifi_uart_tx_buf, len - 1);
 117   1          wifi_uart_tx_buf[len - 1] = check_sum;
 118   1          
 119   1          wifi_uart_write_data((unsigned char *)wifi_uart_tx_buf, len);
 120   1      }
 121          
 122          /**
 123           * @brief  å¿ƒè·³åŒ…æ£€æµ‹
 124           * @param  Null
 125           * @return Null
 126           */
 127          static void heat_beat_check(void)
 128          {
 129   1          unsigned char length = 0;
 130   1          static unsigned char mcu_reset_state = FALSE;
 131   1          
 132   1          if(FALSE == mcu_reset_state) {
 133   2              length = set_wifi_uart_byte(length, FALSE);
 134   2              mcu_reset_state = TRUE;
 135   2          }else {
 136   2              length = set_wifi_uart_byte(length, TRUE);
 137   2          }
 138   1          
 139   1          wifi_uart_write_frame(HEAT_BEAT_CMD, MCU_TX_VER, length);
 140   1      }
 141          
 142          /**
 143           * @brief  äº§å“ä¿¡æ¯ä¸Šä¼ 
 144           * @param  Null
 145           * @return Null
 146           */
 147          static void product_info_update(void)
 148          {
 149   1          unsigned char length = 0;
 150   1          unsigned char str[10] = {0};
 151   1          
 152   1          length = set_wifi_uart_buffer(length, "{\"p\":\"", my_strlen("{\"p\":\""));
 153   1          length = set_wifi_uart_buffer(length,(unsigned char *)PRODUCT_KEY,my_strlen((unsigned char *)PRODUCT_K
             -EY));
 154   1          length = set_wifi_uart_buffer(length, "\",\"v\":\"", my_strlen("\",\"v\":\""));
 155   1          length = set_wifi_uart_buffer(length,(unsigned char *)MCU_VER,my_strlen((unsigned char *)MCU_VER));
 156   1          length = set_wifi_uart_buffer(length, "\",\"m\":", my_strlen("\",\"m\":"));
 157   1          length = set_wifi_uart_buffer(length, (unsigned char *)CONFIG_MODE, my_strlen((unsigned char *)CONFIG_
             -MODE));
 158   1      #ifdef CONFIG_MODE_DELAY_TIME
                  sprintf((char *)str,",\"mt\":%d",CONFIG_MODE_DELAY_TIME);
                  length = set_wifi_uart_buffer(length, str, my_strlen(str));
              #endif
 162   1      #ifdef CONFIG_MODE_CHOOSE
                  sprintf((char *)str,",\"n\":%d",CONFIG_MODE_CHOOSE);
                  length = set_wifi_uart_buffer(length, str, my_strlen(str));
              #endif
 166   1      #ifdef ENABLE_MODULE_IR_FUN
                  sprintf((char *)str,",\"ir\":\"%d.%d\"",MODULE_IR_PIN_TX,MODULE_IR_PIN_RX);
                  length = set_wifi_uart_buffer(length, str, my_strlen(str));
              #endif
 170   1      #ifdef LONG_CONN_LOWPOWER
                  sprintf((char *)str,",\"low\":%d",LONG_CONN_LOWPOWER);
                  length = set_wifi_uart_buffer(length, str, my_strlen(str));
              #endif
 174   1        
 175   1          length = set_wifi_uart_buffer(length, "}", my_strlen("}"));
C51 COMPILER V9.60.0.0   SYSTEM                                                            02/12/2021 02:25:40 PAGE 4   

 176   1          
 177   1          wifi_uart_write_frame(PRODUCT_INFO_CMD, MCU_TX_VER, length);
 178   1      }
 179          
 180          /**
 181           * @brief  mcuæŸ¥è¯¢mcuå’Œwifiçš„å·¥ä½œæ¨¡å¼
 182           * @param  Null
 183           * @return Null
 184           */
 185          static void get_mcu_wifi_mode(void)
 186          {
 187   1          unsigned char length = 0;
 188   1          
 189   1      #ifdef WIFI_CONTROL_SELF_MODE                                   //æ¨¡å—è‡ªå¤„ç†
                  length = set_wifi_uart_byte(length, WF_STATE_KEY);
                  length = set_wifi_uart_byte(length, WF_RESERT_KEY);
              #else                                                           
 193   1          //No need to process data
 194   1      #endif
 195   1          
 196   1          wifi_uart_write_frame(WORK_MODE_CMD, MCU_TX_VER, length);
 197   1      }
 198          
 199          /**
 200           * @brief  è·å–åˆ¶å®šDPIDåœ¨æ•°ç»„ä¸­çš„åºå·
 201           * @param[in] {dpid} dpid
 202           * @return dpåºå·
 203           */
 204          static unsigned char get_dowmload_dpid_index(unsigned char dpid)
 205          {
 206   1          unsigned char index;
 207   1          unsigned char total = get_download_cmd_total();
 208   1          
 209   1          for(index = 0; index < total; index ++) {
 210   2              if(download_cmd[index].dp_id == dpid) {
 211   3                  break;
 212   3              }
 213   2          }
 214   1          
 215   1          return index;
 216   1      }
 217          
 218          /**
 219           * @brief  ä¸‹å‘æ•°æ®å¤„ç†
 220           * @param[in] {value} ä¸‹å‘æ•°æ®æºæŒ‡é’ˆ
 221           * @return è¿”å›æ•°æ®å¤„ç†ç»“æœ
 222           */
 223          static unsigned char data_point_handle(const unsigned char value[])
 224          {
 225   1          unsigned char dp_id,index;
 226   1          unsigned char dp_type;
 227   1          unsigned char ret;
 228   1          unsigned short dp_len;
 229   1          
 230   1          dp_id = value[0];
 231   1          dp_type = value[1];
 232   1          dp_len = value[2] * 0x100;
 233   1          dp_len += value[3];
 234   1          
 235   1          index = get_dowmload_dpid_index(dp_id);
 236   1      
 237   1          if(dp_type != download_cmd[index].dp_type) {
C51 COMPILER V9.60.0.0   SYSTEM                                                            02/12/2021 02:25:40 PAGE 5   

 238   2              //é”™è¯¯æç¤º
 239   2              return FALSE;
 240   2          }else {
 241   2              ret = dp_download_handle(dp_id,value + 4,dp_len);
 242   2          }
 243   1          
 244   1          return ret;
 245   1      }
 246          
 247          #ifdef WEATHER_ENABLE
              /**
               * @brief  å¤©æ°”æ•°æ®è§£æ
               * @param[in] {p_data} æ¥æ”¶æ•°æ®æŒ‡é’ˆ
               * @param[in] {data_len} æ¥æ”¶æ•°æ®é•¿åº¦
               * @return Null
               */
              static void weather_data_raw_handle(const unsigned char p_data[], unsigned short data_len)
              {
                  int i = 1;
                  int can_len = 0; 
                  char can[15] = {0};
                  char day = 0;
                  int type1 = 0;
                  unsigned char value_string[100] = {0};
                  int val_cnt = 0;
                  int val_len = 0;
                  
                  if(p_data[0] != 1 || data_len < 1) {
                      //æ¥æ”¶å¤±è´¥
                  }else {
                      if(data_len < 4) {
                          //æ•°æ®ä¸ºç©º
                      }
                      
                      while (i < data_len) {
                          can_len = p_data[i];
                          
                          my_memset(can, '\0', 15);
                          my_memcpy(can, p_data + i + 1, can_len - 2);
              
                          day = p_data[i + can_len] - '0';
              
                          type1 = p_data[i + 1 + can_len];
                          if(type1 != 0 && type1 != 1) {
                              return;
                          }
              
                          my_memset(value_string, '\0', 100);
                          val_cnt = i + 1 + can_len + 1;
                          val_len = p_data[val_cnt];
                          if (type1 == 0) { //int32
                              weather_data_user_handle(can+2, type1, p_data+val_cnt+1, day);
                          }
                          else if(type1 == 1) { //string
                              my_memcpy(value_string, p_data + val_cnt + 1, val_len);
                              weather_data_user_handle(can+2, type1, value_string, day);
                          }
              
                          i += 1 + can_len + 1 + 1 + val_len;
                      }
                      
                      wifi_uart_write_frame(WEATHER_DATA_CMD, 0, 0);
C51 COMPILER V9.60.0.0   SYSTEM                                                            02/12/2021 02:25:40 PAGE 6   

                  }
              }
              #endif
 303          
 304          #ifdef WIFI_STREAM_ENABLE
              /**
               * @brief  æµæ•°æ®ä¼ è¾“
               * @param[in] {id} æµæœåŠ¡æ ‡è¯†
               * @param[in] {offset} åç§»é‡
               * @param[in] {buffer} æ•°æ®åœ°å€
               * @param[in] {buf_len} æ•°æ®é•¿åº¦
               * @return Null
               * @note   Null
               */
              unsigned char stream_trans(unsigned short id, unsigned int offset, unsigned char *buffer, unsigned short b
             -uf_len)
              {
                  unsigned short send_len = 0;
              
                  stream_status = 0xff;
              
                  if(stop_update_flag == ENABLE)
                      return ERROR;
              
                  //ID
                  send_len = set_wifi_uart_byte(send_len,id / 0x100);
                  send_len = set_wifi_uart_byte(send_len,id % 0x100);
                  //Offset
                  send_len = set_wifi_uart_byte(send_len,offset >> 24);
                  send_len = set_wifi_uart_byte(send_len,offset >> 16);
                  send_len = set_wifi_uart_byte(send_len,offset >> 8);
                  send_len = set_wifi_uart_byte(send_len,offset % 256);
                  //data
                  send_len = set_wifi_uart_buffer(send_len, buffer, buf_len);
                  wifi_uart_write_frame(STREAM_TRANS_CMD, MCU_TX_VER, send_len);
                  return SUCCESS;
              }
              
              /**
               * @brief  å¤šåœ°å›¾æµæ•°æ®ä¼ è¾“
               * @param[in] {pro_ver} åœ°å›¾æœåŠ¡åè®®ç‰ˆæœ¬
               * @param[in] {id} åœ°å›¾æµæœåŠ¡ä¼šè¯ID
               * @param[in] {sub_id} å­åœ°å›¾ID
               * @param[in] {sub_id_pro_mode} å­åœ°å›¾IDæ•°æ®å¤„ç†æ–¹å¼
               * @ref           0x00:ç»§ç»­ç´¯åŠ 
               * @ref           0x00:æ¸…é™¤ä¸Šä¼ çš„æ•°æ®
               * @param[in] {offset} åç§»é‡
               * @param[in] {buffer} æ•°æ®åœ°å€
               * @param[in] {buf_len} æ•°æ®é•¿åº¦
               * @return Null
               * @note   Null
               */
              unsigned char maps_stream_trans(unsigned char pro_ver, unsigned short id, unsigned char sub_id, unsigned c
             -har sub_id_pro_mode, 
                                              unsigned int offset, unsigned char *buffer, unsigned short buf_len)
              {
                  unsigned short send_len = 0;
              
                  maps_stream_status = 0xff;
              
                  if(stop_update_flag == ENABLE)
                      return ERROR;
C51 COMPILER V9.60.0.0   SYSTEM                                                            02/12/2021 02:25:40 PAGE 7   

              
                  //åœ°å›¾æœåŠ¡åè®®ç‰ˆæœ¬
                  send_len = set_wifi_uart_byte(send_len, pro_ver);
                  
                  //åœ°å›¾æµæœåŠ¡ä¼šè¯ID
                  send_len = set_wifi_uart_byte(send_len,id / 0x100);
                  send_len = set_wifi_uart_byte(send_len,id % 0x100);
                  
                  //å­åœ°å›¾ID
                  send_len = set_wifi_uart_byte(send_len, sub_id);
                  
                  //å­åœ°å›¾IDæ•°æ®å¤„ç†æ–¹å¼
                  send_len = set_wifi_uart_byte(send_len, sub_id_pro_mode);
                  
                  //åç§»é‡
                  send_len = set_wifi_uart_byte(send_len,offset >> 24);
                  send_len = set_wifi_uart_byte(send_len,offset >> 16);
                  send_len = set_wifi_uart_byte(send_len,offset >> 8);
                  send_len = set_wifi_uart_byte(send_len,offset % 256);
                  //Data
                  send_len = set_wifi_uart_buffer(send_len, buffer, buf_len);
                  wifi_uart_write_frame(MAPS_STREAM_TRANS_CMD, MCU_TX_VER, send_len);
                  return SUCCESS;
              }
              #endif
 385          
 386          /**
 387           * @brief  æ•°æ®å¸§å¤„ç†
 388           * @param[in] {offset} æ•°æ®èµ·å§‹ä½
 389           * @return Null
 390           */
 391          void data_handle(unsigned short offset)
 392          {
 393   1      #ifdef SUPPORT_MCU_FIRM_UPDATE
                  unsigned char *firmware_addr = NULL;
                  static unsigned short firm_size;                                            //å‡çº§åŒ…ä¸€åŒ…çš„å¤§å°
                  static unsigned long firm_length;                                           //MCUå‡çº§æ–‡ä»¶é•¿åº¦
                  static unsigned char firm_update_flag = 0;                                  //MCUå‡çº§æ ‡å¿—
                  unsigned long dp_len;
                  unsigned char firm_flag;                                                    //å‡çº§åŒ…å¤§å°æ ‡å¿—
              #else
 401   1          unsigned short dp_len;
 402   1      #endif
 403   1        
 404   1          unsigned char ret;
 405   1          unsigned short i,total_len;
 406   1          unsigned char cmd_type = wifi_data_process_buf[offset + FRAME_TYPE];
 407   1          unsigned char result;
 408   1      
 409   1      #ifdef WEATHER_ENABLE
                  static unsigned char isWoSend = 0;                                          //æ˜¯å¦å·²ç»æ‰“å¼€è¿‡å¤©
             -æ°”æ•°æ®, 0:å¦  1:æ˜¯
              #endif
 412   1      
 413   1      #ifdef WIFI_TEST_ENABLE
 414   1          unsigned char rssi;
 415   1      #endif
 416   1      
 417   1      #ifdef FILE_DOWNLOAD_ENABLE
                  unsigned char *file_data_addr = NULL;
                  static unsigned short file_package_size = 0;                                //æ–‡ä»¶æ•°æ®åŒ…ä¸€åŒ…çš„
             -å¤§å°
C51 COMPILER V9.60.0.0   SYSTEM                                                            02/12/2021 02:25:40 PAGE 8   

                  static unsigned char file_download_flag = 0;                                //æ–‡ä»¶ä¸‹è½½æ ‡å¿—
                  unsigned int file_download_size = 0;
              #endif
 423   1      
 424   1          switch(cmd_type)
 425   1          {
 426   2              case HEAT_BEAT_CMD:                                     //å¿ƒè·³åŒ…
 427   2                  heat_beat_check();
 428   2              break;
 429   2          
 430   2              case PRODUCT_INFO_CMD:                                  //äº§å“ä¿¡æ¯
 431   2                  product_info_update();
 432   2              break;
 433   2          
 434   2              case WORK_MODE_CMD:                                     //æŸ¥è¯¢MCUè®¾å®šçš„æ¨¡å—å·¥ä½œæ¨¡å¼
 435   2                  get_mcu_wifi_mode();
 436   2              break;
 437   2          
 438   2      #ifndef WIFI_CONTROL_SELF_MODE
 439   2              case WIFI_STATE_CMD:                                    //wifiå·¥ä½œçŠ¶æ€  
 440   2                  wifi_work_state = wifi_data_process_buf[offset + DATA_START];
 441   2                  wifi_uart_write_frame(WIFI_STATE_CMD, MCU_TX_VER, 0);
 442   2      #ifdef WEATHER_ENABLE
                          if(wifi_work_state == WIFI_CONNECTED && isWoSend == 0) { //å½“WIFIè¿æ¥æˆåŠŸï¼Œæ‰“å¼€å¤©æ°”æ
             -•°æ®ä¸”ä»…ä¸€æ¬¡
                              mcu_open_weather();
                              isWoSend = 1;
                          }
              #endif
 448   2              break;
 449   2      
 450   2              case WIFI_RESET_CMD:                                    //é‡ç½®wifi(wifiè¿”å›æˆåŠŸ)
 451   2                  reset_wifi_flag = RESET_WIFI_SUCCESS;
 452   2              break;
 453   2          
 454   2              case WIFI_MODE_CMD:                                     //é€‰æ‹©smartconfig/APæ¨¡å¼(wifiè¿”å›æˆ
             -åŠŸ)  
 455   2                  set_wifimode_flag = SET_WIFICONFIG_SUCCESS;
 456   2              break;
 457   2      #endif
 458   2          
 459   2              case DATA_QUERT_CMD:                                    //å‘½ä»¤ä¸‹å‘
 460   2                  total_len = (wifi_data_process_buf[offset + LENGTH_HIGH] << 8) | wifi_data_process_buf[offset 
             -+ LENGTH_LOW];
 461   2          
 462   2                  for(i = 0;i < total_len; ) {
 463   3                      dp_len = wifi_data_process_buf[offset + DATA_START + i + 2] * 0x100;
 464   3                      dp_len += wifi_data_process_buf[offset + DATA_START + i + 3];
 465   3                      //
 466   3                      ret = data_point_handle((unsigned char *)wifi_data_process_buf + offset + DATA_START + i);
 467   3            
 468   3                      if(SUCCESS == ret) {
 469   4                          //æˆåŠŸæç¤º
 470   4                      }else {
 471   4                          //é”™è¯¯æç¤º
 472   4                      }
 473   3            
 474   3                      i += (dp_len + 4);
 475   3                  }
 476   2              break;
 477   2          
 478   2              case STATE_QUERY_CMD:                                   //çŠ¶æ€æŸ¥è¯¢
C51 COMPILER V9.60.0.0   SYSTEM                                                            02/12/2021 02:25:40 PAGE 9   

 479   2                  all_data_update();                               
 480   2              break;
 481   2          
 482   2      #ifdef SUPPORT_MCU_FIRM_UPDATE
                      case UPDATE_START_CMD:                                  //å‡çº§å¼€å§‹
                          //è·å–å‡çº§åŒ…å¤§å°å…¨å±€å˜é‡
                          firm_flag = PACKAGE_SIZE;
                          if(firm_flag == 0) {
                              firm_size = 256;
                          }else if(firm_flag == 1) {
                              firm_size = 512;
                          }else if(firm_flag == 2) { 
                              firm_size = 1024;
                          }
              
                          firm_length = wifi_data_process_buf[offset + DATA_START];
                          firm_length <<= 8;
                          firm_length |= wifi_data_process_buf[offset + DATA_START + 1];
                          firm_length <<= 8;
                          firm_length |= wifi_data_process_buf[offset + DATA_START + 2];
                          firm_length <<= 8;
                          firm_length |= wifi_data_process_buf[offset + DATA_START + 3];
                          
                          upgrade_package_choose(PACKAGE_SIZE);
                          firm_update_flag = UPDATE_START_CMD;
                      break;
                  
                      case UPDATE_TRANS_CMD:                                  //å‡çº§ä¼ è¾“
                          if(firm_update_flag == UPDATE_START_CMD) {
                              //åœæ­¢ä¸€åˆ‡æ•°æ®ä¸ŠæŠ¥
                              stop_update_flag = ENABLE;
                    
                              total_len = (wifi_data_process_buf[offset + LENGTH_HIGH] << 8) | wifi_data_process_buf[off
             -set + LENGTH_LOW];
                    
                              dp_len = wifi_data_process_buf[offset + DATA_START];
                              dp_len <<= 8;
                              dp_len |= wifi_data_process_buf[offset + DATA_START + 1];
                              dp_len <<= 8;
                              dp_len |= wifi_data_process_buf[offset + DATA_START + 2];
                              dp_len <<= 8;
                              dp_len |= wifi_data_process_buf[offset + DATA_START + 3];
                    
                              firmware_addr = (unsigned char *)wifi_data_process_buf;
                              firmware_addr += (offset + DATA_START + 4);
                    
                              if((total_len == 4) && (dp_len == firm_length)) {
                                  //æœ€åä¸€åŒ…
                                  ret = mcu_firm_update_handle(firmware_addr,dp_len,0);
                                  firm_update_flag = 0;
                              }else if((total_len - 4) <= firm_size) {
                                  ret = mcu_firm_update_handle(firmware_addr,dp_len,total_len - 4);
                              }else {
                                  firm_update_flag = 0;
                                  ret = ERROR;
                              }
                    
                              if(ret == SUCCESS) {
                                  wifi_uart_write_frame(UPDATE_TRANS_CMD, MCU_TX_VER, 0);
                              }
                              //æ¢å¤ä¸€åˆ‡æ•°æ®ä¸ŠæŠ¥
                              stop_update_flag = DISABLE;
C51 COMPILER V9.60.0.0   SYSTEM                                                            02/12/2021 02:25:40 PAGE 10  

                          }
                      break;
              #endif      
 543   2      
 544   2      #ifdef SUPPORT_GREEN_TIME
                      case GET_ONLINE_TIME_CMD:                               //è·å–æ ¼æ—æ—¶é—´
                          mcu_get_greentime((unsigned char *)(wifi_data_process_buf + offset + DATA_START));
                      break;
              #endif
 549   2      
 550   2      #ifdef SUPPORT_MCU_RTC_CHECK
                      case GET_LOCAL_TIME_CMD:                               //è·å–æœ¬åœ°æ—¶é—´
                          mcu_write_rtctime((unsigned char *)(wifi_data_process_buf + offset + DATA_START));
                      break;
              #endif
 555   2       
 556   2      #ifdef WIFI_TEST_ENABLE
 557   2              case WIFI_TEST_CMD:                                     //wifiåŠŸèƒ½æµ‹è¯•ï¼ˆæ‰«ææŒ‡å®šè·¯ç”±ï¼‰
 558   2                  result = wifi_data_process_buf[offset + DATA_START];
 559   2                  rssi = wifi_data_process_buf[offset + DATA_START + 1];
 560   2                  wifi_test_result(result, rssi);
 561   2              break;
 562   2      #endif
 563   2      
 564   2      #ifdef WEATHER_ENABLE
                      case WEATHER_OPEN_CMD:                                  //æ‰“å¼€å¤©æ°”æœåŠ¡è¿”å›
                          weather_open_return_handle(wifi_data_process_buf[offset + DATA_START], wifi_data_process_buf[o
             -ffset + DATA_START + 1]);
                      break;
                  
                      case WEATHER_DATA_CMD:                                  //å¤©æ°”æ•°æ®ä¸‹å‘
                          total_len = (wifi_data_process_buf[offset + LENGTH_HIGH] << 8) | wifi_data_process_buf[offset 
             -+ LENGTH_LOW];
                          weather_data_raw_handle((unsigned char *)wifi_data_process_buf + offset + DATA_START, total_le
             -n);
                      break;
              #endif
 574   2      
 575   2      #ifdef WIFI_STREAM_ENABLE
                      case STREAM_TRANS_CMD:                                  //æµæœåŠ¡
                          stream_status = wifi_data_process_buf[offset + DATA_START];//æµæœåŠ¡ä¼ è¾“è¿”å›æ¥æ”¶
                          stream_trans_send_result(stream_status);
                      break;
                      
                      case MAPS_STREAM_TRANS_CMD:                             //æµæ•°æ®ä¼ è¾“(æ”¯æŒå¤šå¼ åœ°å›¾)
                          maps_stream_status = wifi_data_process_buf[offset + DATA_START];//æµæœåŠ¡ä¼ è¾“è¿”å›æ¥æ”¶
                          maps_stream_trans_send_result(maps_stream_status);
                      break;
              #endif
 586   2      
 587   2      #ifdef WIFI_CONNECT_TEST_ENABLE
                      case WIFI_CONNECT_TEST_CMD:                             //wifiåŠŸèƒ½æµ‹è¯•ï¼ˆè¿æ¥æŒ‡å®šè·¯ç”±ï¼‰
                          result = wifi_data_process_buf[offset + DATA_START];
                          wifi_connect_test_result(result);
                      break;
              #endif
 593   2      
 594   2      #ifdef GET_MODULE_MAC_ENABLE
                      case GET_MAC_CMD:                                       //è·å–æ¨¡å—mac
                          mcu_get_mac((unsigned char *)(wifi_data_process_buf + offset + DATA_START));
                      break;
              #endif
C51 COMPILER V9.60.0.0   SYSTEM                                                            02/12/2021 02:25:40 PAGE 11  

 599   2      
 600   2      #ifdef GET_WIFI_STATUS_ENABLE
                      case GET_WIFI_STATUS_CMD:                               //è·å–å½“å‰wifiè”ç½‘çŠ¶æ€
                          result = wifi_data_process_buf[offset + DATA_START];
                          get_wifi_status(result);
                      break;
              #endif
 606   2      
 607   2      #ifdef MCU_DP_UPLOAD_SYN
                      case STATE_UPLOAD_SYN_RECV_CMD:                         //çŠ¶æ€ä¸ŠæŠ¥ï¼ˆåŒæ­¥ï¼‰
                          result = wifi_data_process_buf[offset + DATA_START];
                          get_upload_syn_result(result);
                      break;
              #endif
 613   2      
 614   2      #ifdef GET_IR_STATUS_ENABLE
                      case GET_IR_STATUS_CMD:                                 //çº¢å¤–çŠ¶æ€é€šçŸ¥
                          result = wifi_data_process_buf[offset + DATA_START];
                          get_ir_status(result);
                      break;
              #endif
 620   2            
 621   2      #ifdef IR_TX_RX_TEST_ENABLE
                      case IR_TX_RX_TEST_CMD:                                 //çº¢å¤–è¿›å…¥æ”¶å‘äº§æµ‹
                          result = wifi_data_process_buf[offset + DATA_START];
                          ir_tx_rx_test_result(result);
                      break;
              #endif
 627   2              
 628   2      #ifdef FILE_DOWNLOAD_ENABLE
                      case FILE_DOWNLOAD_START_CMD:                           //æ–‡ä»¶ä¸‹è½½å¯åŠ¨
                          //è·å–æ–‡ä»¶åŒ…å¤§å°é€‰æ‹©
                          if(FILE_DOWNLOAD_PACKAGE_SIZE == 0) {
                              file_package_size = 256;
                          }else if(FILE_DOWNLOAD_PACKAGE_SIZE == 1) {
                              file_package_size = 512;
                          }else if(FILE_DOWNLOAD_PACKAGE_SIZE == 2) { 
                              file_package_size = 1024;
                          }
                          
                          file_download_size = wifi_data_process_buf[offset + DATA_START];
                          file_download_size = (file_download_size << 8) |  wifi_data_process_buf[offset + DATA_START + 
             -1];
                          file_download_size = (file_download_size << 8) |  wifi_data_process_buf[offset + DATA_START + 
             -2];
                          file_download_size = (file_download_size << 8) |  wifi_data_process_buf[offset + DATA_START + 
             -3];
                      
                          file_download_package_choose(FILE_DOWNLOAD_PACKAGE_SIZE);
                          file_download_flag = FILE_DOWNLOAD_START_CMD;
                      break;
                      
                      case FILE_DOWNLOAD_TRANS_CMD:                           //æ–‡ä»¶ä¸‹è½½æ•°æ®ä¼ è¾“
                          if(file_download_flag == FILE_DOWNLOAD_START_CMD) {
                              total_len = (wifi_data_process_buf[offset + LENGTH_HIGH] << 8) | wifi_data_process_buf[off
             -set + LENGTH_LOW];
                    
                              dp_len = wifi_data_process_buf[offset + DATA_START];
                              dp_len <<= 8;
                              dp_len |= wifi_data_process_buf[offset + DATA_START + 1];
                              dp_len <<= 8;
                              dp_len |= wifi_data_process_buf[offset + DATA_START + 2];
C51 COMPILER V9.60.0.0   SYSTEM                                                            02/12/2021 02:25:40 PAGE 12  

                              dp_len <<= 8;
                              dp_len |= wifi_data_process_buf[offset + DATA_START + 3];
                    
                              file_data_addr = (unsigned char *)wifi_data_process_buf;
                              file_data_addr += (offset + DATA_START + 4);
                    
                              if((total_len == 4) && (dp_len == file_download_size)) {
                                  //æœ€åä¸€åŒ…
                                  ret = file_download_handle(file_data_addr,dp_len,0);
                                  file_download_flag = 0;
                              }
                              else if((total_len - 4) <= file_package_size) {
                                  ret = file_download_handle(file_data_addr,dp_len,total_len - 4);
                              }else {
                                  file_download_flag = 0;
                                  ret = ERROR;
                              }
                    
                              if(ret == SUCCESS) {
                                  wifi_uart_write_frame(FILE_DOWNLOAD_TRANS_CMD, MCU_TX_VER, 0);
                              }
                          }
                      break;
              #endif
 681   2              
 682   2      #ifdef MODULE_EXPANDING_SERVICE_ENABLE
                      case MODULE_EXTEND_FUN_CMD:                             //æ¨¡å—æ‹“å±•æœåŠ¡
                          total_len = (wifi_data_process_buf[offset + LENGTH_HIGH] << 8) | wifi_data_process_buf[offset 
             -+ LENGTH_LOW];
                          open_module_time_serve_result((unsigned char *)(wifi_data_process_buf + offset + DATA_START), 
             -total_len);
                      break;
              #endif
 688   2      
 689   2      #ifdef BLE_RELATED_FUNCTION_ENABLE
                      case BLE_TEST_CMD:                                      //è“ç‰™åŠŸèƒ½æ€§æµ‹è¯•ï¼ˆæ‰«ææŒ‡å®šè“ç
             -‰™ä¿¡æ ‡ï¼‰
                          total_len = (wifi_data_process_buf[offset + LENGTH_HIGH] << 8) | wifi_data_process_buf[offset 
             -+ LENGTH_LOW];
                          BLE_test_result((unsigned char *)(wifi_data_process_buf + offset + DATA_START), total_len);
                      break;
              #endif
 695   2      
 696   2                  
 697   2      #ifdef VOICE_MODULE_PROTOCOL_ENABLE
                      case GET_VOICE_STATE_CMD:                               //è·å–è¯­éŸ³çŠ¶æ€ç 
                          result = wifi_data_process_buf[offset + DATA_START];
                          get_voice_state_result(result);
                      break;
                      case MIC_SILENCE_CMD:                                   //MICé™éŸ³è®¾ç½®
                          result = wifi_data_process_buf[offset + DATA_START];
                          set_voice_MIC_silence_result(result);
                      break;
                      case SET_SPEAKER_VOLUME_CMD:                            //speakeréŸ³é‡è®¾ç½®
                          result = wifi_data_process_buf[offset + DATA_START];
                          set_speaker_voice_result(result);
                      break;
                      case VOICE_TEST_CMD:                                    //è¯­éŸ³æ¨¡ç»„éŸ³é¢‘äº§æµ‹
                          result = wifi_data_process_buf[offset + DATA_START];
                          voice_test_result(result);
                      break;
                      case VOICE_AWAKEN_TEST_CMD:                             //è¯­éŸ³æ¨¡ç»„å”¤é†’äº§æµ‹
C51 COMPILER V9.60.0.0   SYSTEM                                                            02/12/2021 02:25:40 PAGE 13  

                          result = wifi_data_process_buf[offset + DATA_START];
                          voice_awaken_test_result(result);
                      break;
                      case VOICE_EXTEND_FUN_CMD:                              //è¯­éŸ³æ¨¡ç»„æ‰©å±•åŠŸèƒ½
                          total_len = (wifi_data_process_buf[offset + LENGTH_HIGH] << 8) | wifi_data_process_buf[offset 
             -+ LENGTH_LOW];
                          voice_module_extend_fun((unsigned char *)(wifi_data_process_buf + offset + DATA_START), total_
             -len);
                      break;
              #endif
 723   2              
 724   2      
 725   2              default:break;
 726   2          }
 727   1      }
 728          
 729          /**
 730           * @brief  åˆ¤æ–­ä¸²å£æ¥æ”¶ç¼“å­˜ä¸­æ˜¯å¦æœ‰æ•°æ®
 731           * @param  Null
 732           * @return æ˜¯å¦æœ‰æ•°æ®
 733           */
 734          unsigned char with_data_rxbuff(void)
 735          {
 736   1          if(rx_buf_in != rx_buf_out)
 737   1              return 1;
 738   1          else
 739   1              return 0;
 740   1      }
 741          
 742          /**
 743           * @brief  è¯»å–é˜Ÿåˆ—1å­—èŠ‚æ•°æ®
 744           * @param  Null
 745           * @return Read the data
 746           */
 747          unsigned char take_byte_rxbuff(void)
 748          {
 749   1          unsigned char value;
 750   1          
 751   1          if(rx_buf_out != rx_buf_in) {
 752   2              //æœ‰æ•°æ®
 753   2              if(rx_buf_out >= (unsigned char *)(wifi_uart_rx_buf + sizeof(wifi_uart_rx_buf))) {
 754   3                  //æ•°æ®å·²ç»åˆ°æœ«å°¾
 755   3                  rx_buf_out = (unsigned char *)(wifi_uart_rx_buf);
 756   3              }
 757   2              
 758   2              value = *rx_buf_out ++;   
 759   2          }
 760   1          
 761   1          return value;
 762   1      }
 763          


MODULE INFORMATION:   STATIC OVERLAYABLE
   CODE SIZE        =   1423    ----
   CONSTANT SIZE    =     59    ----
   XDATA SIZE       =    120      50
   PDATA SIZE       =   ----    ----
   DATA SIZE        =   ----    ----
   IDATA SIZE       =   ----    ----
   BIT SIZE         =   ----    ----
END OF MODULE INFORMATION.

C51 COMPILER V9.60.0.0   SYSTEM                                                            02/12/2021 02:25:40 PAGE 14  


C51 COMPILATION COMPLETE.  0 WARNING(S),  0 ERROR(S)
